[0m23:24:48.623970 [debug] [MainThread]: Sending event: {'category': 'dbt', 'action': 'invocation', 'label': 'start', 'context': [<snowplow_tracker.self_describing_json.SelfDescribingJson object at 0x000001940FB7F0D0>, <snowplow_tracker.self_describing_json.SelfDescribingJson object at 0x0000019410E25220>, <snowplow_tracker.self_describing_json.SelfDescribingJson object at 0x0000019410E25100>]}


============================== 23:24:48.641714 | 74a3a507-95a2-41ac-a26c-fa454898d299 ==============================
[0m23:24:48.641714 [info ] [MainThread]: Running with dbt=1.10.22
[0m23:24:48.642756 [debug] [MainThread]: running dbt with arguments {'debug': 'False', 'fail_fast': 'False', 'log_cache_events': 'False', 'send_anonymous_usage_stats': 'True', 'warn_error_options': 'WarnErrorOptionsV2(error=[], warn=[], silence=[])', 'cache_selected_only': 'False', 'log_format': 'default', 'invocation_command': 'dbt debug --profiles-dir .', 'version_check': 'True', 'empty': 'None', 'printer_width': '80', 'partial_parse': 'True', 'log_path': 'C:\\Users\\pc\\Desktop\\tp_chapitre2_pipeline\\dbt_pipeline\\logs', 'introspect': 'True', 'warn_error': 'None', 'write_json': 'True', 'no_print': 'None', 'quiet': 'False', 'target_path': 'None', 'static_parser': 'True', 'profiles_dir': '.', 'use_experimental_parser': 'False', 'use_colors': 'True', 'indirect_selection': 'eager'}
[0m23:24:48.712238 [info ] [MainThread]: dbt version: 1.10.22
[0m23:24:48.712238 [info ] [MainThread]: python version: 3.9.21
[0m23:24:48.712238 [info ] [MainThread]: python path: C:\Users\pc\anaconda3\envs\ai_env\python.exe
[0m23:24:48.712238 [info ] [MainThread]: os info: Windows-10-10.0.26200-SP0
[0m23:24:49.158435 [info ] [MainThread]: Using profiles dir at .
[0m23:24:49.160331 [info ] [MainThread]: Using profiles.yml file at .\profiles.yml
[0m23:24:49.161331 [info ] [MainThread]: Using dbt_project.yml file at C:\Users\pc\Desktop\tp_chapitre2_pipeline\dbt_pipeline\dbt_project.yml
[0m23:24:49.162338 [info ] [MainThread]: adapter type: duckdb
[0m23:24:49.162338 [info ] [MainThread]: adapter version: 1.10.0
[0m23:24:49.356714 [info ] [MainThread]: Configuration:
[0m23:24:49.356714 [info ] [MainThread]:   profiles.yml file [[32mOK found and valid[0m]
[0m23:24:49.356714 [info ] [MainThread]:   dbt_project.yml file [[32mOK found and valid[0m]
[0m23:24:49.356714 [info ] [MainThread]: Required dependencies:
[0m23:24:49.356714 [debug] [MainThread]: Executing "git --help"
[0m23:24:49.421943 [debug] [MainThread]: STDOUT: "b"usage: git [-v | --version] [-h | --help] [-C <path>] [-c <name>=<value>]\n           [--exec-path[=<path>]] [--html-path] [--man-path] [--info-path]\n           [-p | --paginate | -P | --no-pager] [--no-replace-objects] [--no-lazy-fetch]\n           [--no-optional-locks] [--no-advice] [--bare] [--git-dir=<path>]\n           [--work-tree=<path>] [--namespace=<name>] [--config-env=<name>=<envvar>]\n           <command> [<args>]\n\nThese are common Git commands used in various situations:\n\nstart a working area (see also: git help tutorial)\n   clone      Clone a repository into a new directory\n   init       Create an empty Git repository or reinitialize an existing one\n\nwork on the current change (see also: git help everyday)\n   add        Add file contents to the index\n   mv         Move or rename a file, a directory, or a symlink\n   restore    Restore working tree files\n   rm         Remove files from the working tree and from the index\n\nexamine the history and state (see also: git help revisions)\n   bisect     Use binary search to find the commit that introduced a bug\n   diff       Show changes between commits, commit and working tree, etc\n   grep       Print lines matching a pattern\n   log        Show commit logs\n   show       Show various types of objects\n   status     Show the working tree status\n\ngrow, mark and tweak your common history\n   backfill   Download missing objects in a partial clone\n   branch     List, create, or delete branches\n   commit     Record changes to the repository\n   merge      Join two or more development histories together\n   rebase     Reapply commits on top of another base tip\n   reset      Set `HEAD` or the index to a known state\n   switch     Switch branches\n   tag        Create, list, delete or verify tags\n\ncollaborate (see also: git help workflows)\n   fetch      Download objects and refs from another repository\n   pull       Fetch from and integrate with another repository or a local branch\n   push       Update remote refs along with associated objects\n\n'git help -a' and 'git help -g' list available subcommands and some\nconcept guides. See 'git help <command>' or 'git help <concept>'\nto read about a specific subcommand or concept.\nSee 'git help git' for an overview of the system.\n""
[0m23:24:49.421943 [debug] [MainThread]: STDERR: "b''"
[0m23:24:49.422948 [info ] [MainThread]:  - git [[32mOK found[0m]

[0m23:24:49.423947 [info ] [MainThread]: Connection:
[0m23:24:49.426047 [info ] [MainThread]:   database: ventes
[0m23:24:49.427248 [info ] [MainThread]:   schema: main
[0m23:24:49.428247 [info ] [MainThread]:   path: ../ventes.duckdb
[0m23:24:49.429126 [info ] [MainThread]:   config_options: None
[0m23:24:49.430176 [info ] [MainThread]:   extensions: None
[0m23:24:49.431252 [info ] [MainThread]:   settings: {}
[0m23:24:49.433214 [info ] [MainThread]:   external_root: .
[0m23:24:49.434127 [info ] [MainThread]:   use_credential_provider: None
[0m23:24:49.436213 [info ] [MainThread]:   attach: None
[0m23:24:49.437198 [info ] [MainThread]:   filesystems: None
[0m23:24:49.439125 [info ] [MainThread]:   remote: None
[0m23:24:49.440125 [info ] [MainThread]:   plugins: None
[0m23:24:49.441123 [info ] [MainThread]:   disable_transactions: False
[0m23:24:49.442220 [info ] [MainThread]: Registered adapter: duckdb=1.10.0
[0m23:24:49.786389 [debug] [MainThread]: Acquiring new duckdb connection 'debug'
[0m23:24:50.339787 [debug] [MainThread]: Using duckdb connection "debug"
[0m23:24:50.339787 [debug] [MainThread]: On debug: select 1 as id
[0m23:24:50.339787 [debug] [MainThread]: Opening a new connection, currently in state init
[0m23:24:50.479248 [debug] [MainThread]: SQL status: OK in 0.126 seconds
[0m23:24:50.482268 [debug] [MainThread]: On debug: Close
[0m23:24:50.484309 [info ] [MainThread]:   Connection test: [[32mOK connection ok[0m]

[0m23:24:50.484309 [info ] [MainThread]: [32mAll checks passed![0m
[0m23:24:50.486774 [debug] [MainThread]: Command `dbt debug` succeeded at 23:24:50.486774 after 2.03 seconds
[0m23:24:50.487773 [debug] [MainThread]: Connection 'debug' was properly closed.
[0m23:24:50.487773 [debug] [MainThread]: Sending event: {'category': 'dbt', 'action': 'invocation', 'label': 'end', 'context': [<snowplow_tracker.self_describing_json.SelfDescribingJson object at 0x000001940FB7F0D0>, <snowplow_tracker.self_describing_json.SelfDescribingJson object at 0x0000019410F88A90>, <snowplow_tracker.self_describing_json.SelfDescribingJson object at 0x00000194106142B0>]}
[0m23:24:50.488776 [debug] [MainThread]: Flushing usage events
[0m23:24:52.925481 [debug] [MainThread]: An error was encountered while trying to flush usage events
[0m23:26:50.226047 [debug] [MainThread]: Sending event: {'category': 'dbt', 'action': 'invocation', 'label': 'start', 'context': [<snowplow_tracker.self_describing_json.SelfDescribingJson object at 0x000001D592E2E160>, <snowplow_tracker.self_describing_json.SelfDescribingJson object at 0x000001D5940D63A0>, <snowplow_tracker.self_describing_json.SelfDescribingJson object at 0x000001D5940D61F0>]}


============================== 23:26:50.229048 | 6e8d16f6-981b-4ae4-9d11-45503b729a85 ==============================
[0m23:26:50.229048 [info ] [MainThread]: Running with dbt=1.10.22
[0m23:26:50.230048 [debug] [MainThread]: running dbt with arguments {'debug': 'False', 'fail_fast': 'False', 'log_cache_events': 'False', 'send_anonymous_usage_stats': 'True', 'cache_selected_only': 'False', 'warn_error_options': 'WarnErrorOptionsV2(error=[], warn=[], silence=[])', 'target_path': 'None', 'log_format': 'default', 'version_check': 'True', 'empty': 'False', 'printer_width': '80', 'quiet': 'False', 'introspect': 'True', 'log_path': 'C:\\Users\\pc\\Desktop\\tp_chapitre2_pipeline\\dbt_pipeline\\logs', 'warn_error': 'None', 'write_json': 'True', 'invocation_command': 'dbt run --profiles-dir .', 'partial_parse': 'True', 'no_print': 'None', 'static_parser': 'True', 'profiles_dir': '.', 'use_experimental_parser': 'False', 'use_colors': 'True', 'indirect_selection': 'eager'}
[0m23:26:50.767398 [debug] [MainThread]: Sending event: {'category': 'dbt', 'action': 'project_id', 'label': '6e8d16f6-981b-4ae4-9d11-45503b729a85', 'context': [<snowplow_tracker.self_describing_json.SelfDescribingJson object at 0x000001D5951678B0>]}
[0m23:26:50.835508 [debug] [MainThread]: Sending event: {'category': 'dbt', 'action': 'adapter_info', 'label': '6e8d16f6-981b-4ae4-9d11-45503b729a85', 'context': [<snowplow_tracker.self_describing_json.SelfDescribingJson object at 0x000001D5951437F0>]}
[0m23:26:50.835508 [info ] [MainThread]: Registered adapter: duckdb=1.10.0
[0m23:26:51.236095 [debug] [MainThread]: checksum: 04c83ee057a648a2f8e380c895ffead170732fa039f068d62b9d36aaeefaf7cc, vars: {}, profile: , target: , version: 1.10.22
[0m23:26:51.251313 [info ] [MainThread]: Unable to do partial parsing because saved manifest not found. Starting full parse.
[0m23:26:51.251313 [debug] [MainThread]: Sending event: {'category': 'dbt', 'action': 'partial_parser', 'label': '6e8d16f6-981b-4ae4-9d11-45503b729a85', 'context': [<snowplow_tracker.self_describing_json.SelfDescribingJson object at 0x000001D5940A4B50>]}
[0m23:26:53.250559 [debug] [MainThread]: Sending event: {'category': 'dbt', 'action': 'load_project', 'label': '6e8d16f6-981b-4ae4-9d11-45503b729a85', 'context': [<snowplow_tracker.self_describing_json.SelfDescribingJson object at 0x000001D59585D130>]}
[0m23:26:53.317428 [debug] [MainThread]: Wrote artifact WritableManifest to C:\Users\pc\Desktop\tp_chapitre2_pipeline\dbt_pipeline\target\manifest.json
[0m23:26:53.338159 [debug] [MainThread]: Wrote artifact SemanticManifest to C:\Users\pc\Desktop\tp_chapitre2_pipeline\dbt_pipeline\target\semantic_manifest.json
[0m23:26:53.367697 [debug] [MainThread]: Sending event: {'category': 'dbt', 'action': 'resource_counts', 'label': '6e8d16f6-981b-4ae4-9d11-45503b729a85', 'context': [<snowplow_tracker.self_describing_json.SelfDescribingJson object at 0x000001D5958AB310>]}
[0m23:26:53.367697 [info ] [MainThread]: Found 2 models, 456 macros
[0m23:26:53.367697 [debug] [MainThread]: Sending event: {'category': 'dbt', 'action': 'runnable_timing', 'label': '6e8d16f6-981b-4ae4-9d11-45503b729a85', 'context': [<snowplow_tracker.self_describing_json.SelfDescribingJson object at 0x000001D59584FBE0>]}
[0m23:26:53.383960 [info ] [MainThread]: 
[0m23:26:53.386951 [info ] [MainThread]: Concurrency: 1 threads (target='dev')
[0m23:26:53.388954 [info ] [MainThread]: 
[0m23:26:53.391047 [debug] [MainThread]: Acquiring new duckdb connection 'master'
[0m23:26:53.402254 [debug] [ThreadPool]: Acquiring new duckdb connection 'list_ventes'
[0m23:26:53.645745 [debug] [ThreadPool]: Using duckdb connection "list_ventes"
[0m23:26:53.645745 [debug] [ThreadPool]: On list_ventes: /* {"app": "dbt", "dbt_version": "1.10.22", "profile_name": "dbt_pipeline", "target_name": "dev", "connection_name": "list_ventes"} */

    
    select schema_name
    from system.information_schema.schemata
    
    where lower(catalog_name) = '"ventes"'
    
  
  
[0m23:26:53.645745 [debug] [ThreadPool]: Opening a new connection, currently in state init
[0m23:26:53.718674 [debug] [ThreadPool]: SQL status: OK in 0.071 seconds
[0m23:26:53.725659 [debug] [ThreadPool]: On list_ventes: Close
[0m23:26:53.726638 [debug] [ThreadPool]: Re-using an available connection from the pool (formerly list_ventes, now create_ventes_main)
[0m23:26:53.729529 [debug] [ThreadPool]: Creating schema "database: "ventes"
schema: "main"
"
[0m23:26:53.738562 [debug] [ThreadPool]: Using duckdb connection "create_ventes_main"
[0m23:26:53.738562 [debug] [ThreadPool]: On create_ventes_main: /* {"app": "dbt", "dbt_version": "1.10.22", "profile_name": "dbt_pipeline", "target_name": "dev", "connection_name": "create_ventes_main"} */

    
        select type from duckdb_databases()
        where lower(database_name)='ventes'
        and type='sqlite'
    
  
[0m23:26:53.738562 [debug] [ThreadPool]: Opening a new connection, currently in state closed
[0m23:26:53.738562 [debug] [ThreadPool]: SQL status: OK in 0.003 seconds
[0m23:26:53.754626 [debug] [ThreadPool]: Using duckdb connection "create_ventes_main"
[0m23:26:53.754626 [debug] [ThreadPool]: On create_ventes_main: BEGIN
[0m23:26:53.756643 [debug] [ThreadPool]: SQL status: OK in 0.001 seconds
[0m23:26:53.758656 [debug] [ThreadPool]: Using duckdb connection "create_ventes_main"
[0m23:26:53.758656 [debug] [ThreadPool]: On create_ventes_main: /* {"app": "dbt", "dbt_version": "1.10.22", "profile_name": "dbt_pipeline", "target_name": "dev", "connection_name": "create_ventes_main"} */

    
    
        create schema if not exists "ventes"."main"
    
[0m23:26:53.760670 [debug] [ThreadPool]: SQL status: OK in 0.005 seconds
[0m23:26:53.760670 [debug] [ThreadPool]: On create_ventes_main: COMMIT
[0m23:26:53.767845 [debug] [ThreadPool]: Using duckdb connection "create_ventes_main"
[0m23:26:53.767845 [debug] [ThreadPool]: On create_ventes_main: COMMIT
[0m23:26:53.769858 [debug] [ThreadPool]: SQL status: OK in 0.000 seconds
[0m23:26:53.769858 [debug] [ThreadPool]: On create_ventes_main: Close
[0m23:26:53.771866 [debug] [ThreadPool]: Acquiring new duckdb connection 'list_ventes_main'
[0m23:26:53.785727 [debug] [ThreadPool]: Using duckdb connection "list_ventes_main"
[0m23:26:53.785727 [debug] [ThreadPool]: On list_ventes_main: BEGIN
[0m23:26:53.785727 [debug] [ThreadPool]: Opening a new connection, currently in state init
[0m23:26:53.785727 [debug] [ThreadPool]: SQL status: OK in 0.002 seconds
[0m23:26:53.785727 [debug] [ThreadPool]: Using duckdb connection "list_ventes_main"
[0m23:26:53.785727 [debug] [ThreadPool]: On list_ventes_main: /* {"app": "dbt", "dbt_version": "1.10.22", "profile_name": "dbt_pipeline", "target_name": "dev", "connection_name": "list_ventes_main"} */
select
      'ventes' as database,
      table_name as name,
      table_schema as schema,
      CASE table_type
        WHEN 'BASE TABLE' THEN 'table'
        WHEN 'VIEW' THEN 'view'
        WHEN 'LOCAL TEMPORARY' THEN 'table'
        END as type
    from system.information_schema.tables
    where lower(table_schema) = 'main'
    and lower(table_catalog) = 'ventes'
  
[0m23:26:53.864396 [debug] [ThreadPool]: SQL status: OK in 0.071 seconds
[0m23:26:53.864396 [debug] [ThreadPool]: On list_ventes_main: ROLLBACK
[0m23:26:53.864396 [debug] [ThreadPool]: Failed to rollback 'list_ventes_main'
[0m23:26:53.864396 [debug] [ThreadPool]: On list_ventes_main: Close
[0m23:26:53.876064 [debug] [MainThread]: Sending event: {'category': 'dbt', 'action': 'runnable_timing', 'label': '6e8d16f6-981b-4ae4-9d11-45503b729a85', 'context': [<snowplow_tracker.self_describing_json.SelfDescribingJson object at 0x000001D590D91F10>]}
[0m23:26:53.876064 [debug] [MainThread]: Using duckdb connection "master"
[0m23:26:53.880139 [debug] [MainThread]: On master: BEGIN
[0m23:26:53.880139 [debug] [MainThread]: Opening a new connection, currently in state init
[0m23:26:53.880139 [debug] [MainThread]: SQL status: OK in 0.001 seconds
[0m23:26:53.880139 [debug] [MainThread]: On master: COMMIT
[0m23:26:53.880139 [debug] [MainThread]: Using duckdb connection "master"
[0m23:26:53.880139 [debug] [MainThread]: On master: COMMIT
[0m23:26:53.880139 [debug] [MainThread]: SQL status: OK in 0.001 seconds
[0m23:26:53.890690 [debug] [MainThread]: On master: Close
[0m23:26:53.903983 [debug] [Thread-1  ]: Began running node model.dbt_pipeline.ventes_clean
[0m23:26:53.905980 [info ] [Thread-1  ]: 1 of 2 START sql table model main.ventes_clean ................................. [RUN]
[0m23:26:53.907981 [debug] [Thread-1  ]: Acquiring new duckdb connection 'model.dbt_pipeline.ventes_clean'
[0m23:26:53.908980 [debug] [Thread-1  ]: Began compiling node model.dbt_pipeline.ventes_clean
[0m23:26:53.919189 [debug] [Thread-1  ]: Writing injected SQL for node "model.dbt_pipeline.ventes_clean"
[0m23:26:53.923326 [debug] [Thread-1  ]: Began executing node model.dbt_pipeline.ventes_clean
[0m23:26:53.967501 [debug] [Thread-1  ]: Writing runtime sql for node "model.dbt_pipeline.ventes_clean"
[0m23:26:53.984770 [debug] [Thread-1  ]: Using duckdb connection "model.dbt_pipeline.ventes_clean"
[0m23:26:53.988757 [debug] [Thread-1  ]: On model.dbt_pipeline.ventes_clean: BEGIN
[0m23:26:53.988757 [debug] [Thread-1  ]: Opening a new connection, currently in state init
[0m23:26:53.988757 [debug] [Thread-1  ]: SQL status: OK in 0.002 seconds
[0m23:26:53.988757 [debug] [Thread-1  ]: Using duckdb connection "model.dbt_pipeline.ventes_clean"
[0m23:26:53.988757 [debug] [Thread-1  ]: On model.dbt_pipeline.ventes_clean: /* {"app": "dbt", "dbt_version": "1.10.22", "profile_name": "dbt_pipeline", "target_name": "dev", "node_id": "model.dbt_pipeline.ventes_clean"} */

  
    
    

    create  table
      "ventes"."main"."ventes_clean__dbt_tmp"
  
    as (
      select
date,
produit,
categorie,
quantite,
prix_unitaire,
ville,
quantite * prix_unitaire as chiffre_affaires
from ventes_raw
where quantite > 0
and prix_unitaire > 0
    );
  
  
[0m23:26:54.022547 [debug] [Thread-1  ]: SQL status: OK in 0.026 seconds
[0m23:26:54.036766 [debug] [Thread-1  ]: Using duckdb connection "model.dbt_pipeline.ventes_clean"
[0m23:26:54.038776 [debug] [Thread-1  ]: On model.dbt_pipeline.ventes_clean: /* {"app": "dbt", "dbt_version": "1.10.22", "profile_name": "dbt_pipeline", "target_name": "dev", "node_id": "model.dbt_pipeline.ventes_clean"} */
alter table "ventes"."main"."ventes_clean__dbt_tmp" rename to "ventes_clean"
[0m23:26:54.044394 [debug] [Thread-1  ]: SQL status: OK in 0.005 seconds
[0m23:26:54.065179 [debug] [Thread-1  ]: On model.dbt_pipeline.ventes_clean: COMMIT
[0m23:26:54.065179 [debug] [Thread-1  ]: Using duckdb connection "model.dbt_pipeline.ventes_clean"
[0m23:26:54.065179 [debug] [Thread-1  ]: On model.dbt_pipeline.ventes_clean: COMMIT
[0m23:26:54.081277 [debug] [Thread-1  ]: SQL status: OK in 0.007 seconds
[0m23:26:54.099776 [debug] [Thread-1  ]: Using duckdb connection "model.dbt_pipeline.ventes_clean"
[0m23:26:54.099776 [debug] [Thread-1  ]: On model.dbt_pipeline.ventes_clean: /* {"app": "dbt", "dbt_version": "1.10.22", "profile_name": "dbt_pipeline", "target_name": "dev", "node_id": "model.dbt_pipeline.ventes_clean"} */

      drop table if exists "ventes"."main"."ventes_clean__dbt_backup" cascade
    
[0m23:26:54.101783 [debug] [Thread-1  ]: SQL status: OK in 0.000 seconds
[0m23:26:54.105170 [debug] [Thread-1  ]: On model.dbt_pipeline.ventes_clean: Close
[0m23:26:54.106046 [debug] [Thread-1  ]: Sending event: {'category': 'dbt', 'action': 'run_model', 'label': '6e8d16f6-981b-4ae4-9d11-45503b729a85', 'context': [<snowplow_tracker.self_describing_json.SelfDescribingJson object at 0x000001D595CCEAC0>]}
[0m23:26:54.106046 [info ] [Thread-1  ]: 1 of 2 OK created sql table model main.ventes_clean ............................ [[32mOK[0m in 0.20s]
[0m23:26:54.106046 [debug] [Thread-1  ]: Finished running node model.dbt_pipeline.ventes_clean
[0m23:26:54.106046 [debug] [Thread-1  ]: Began running node model.dbt_pipeline.ventes_resume
[0m23:26:54.116284 [info ] [Thread-1  ]: 2 of 2 START sql table model main.ventes_resume ................................ [RUN]
[0m23:26:54.118381 [debug] [Thread-1  ]: Re-using an available connection from the pool (formerly model.dbt_pipeline.ventes_clean, now model.dbt_pipeline.ventes_resume)
[0m23:26:54.119299 [debug] [Thread-1  ]: Began compiling node model.dbt_pipeline.ventes_resume
[0m23:26:54.123848 [debug] [Thread-1  ]: Writing injected SQL for node "model.dbt_pipeline.ventes_resume"
[0m23:26:54.123848 [debug] [Thread-1  ]: Began executing node model.dbt_pipeline.ventes_resume
[0m23:26:54.134174 [debug] [Thread-1  ]: Writing runtime sql for node "model.dbt_pipeline.ventes_resume"
[0m23:26:54.136202 [debug] [Thread-1  ]: Using duckdb connection "model.dbt_pipeline.ventes_resume"
[0m23:26:54.137261 [debug] [Thread-1  ]: On model.dbt_pipeline.ventes_resume: BEGIN
[0m23:26:54.138271 [debug] [Thread-1  ]: Opening a new connection, currently in state closed
[0m23:26:54.139285 [debug] [Thread-1  ]: SQL status: OK in 0.001 seconds
[0m23:26:54.140182 [debug] [Thread-1  ]: Using duckdb connection "model.dbt_pipeline.ventes_resume"
[0m23:26:54.140182 [debug] [Thread-1  ]: On model.dbt_pipeline.ventes_resume: /* {"app": "dbt", "dbt_version": "1.10.22", "profile_name": "dbt_pipeline", "target_name": "dev", "node_id": "model.dbt_pipeline.ventes_resume"} */

  
    
    

    create  table
      "ventes"."main"."ventes_resume__dbt_tmp"
  
    as (
      select
categorie,
sum(quantite) as total_quantite,
sum(chiffre_affaires) as total_ca
from "ventes"."main"."ventes_clean"
group by categorie
    );
  
  
[0m23:26:54.165032 [debug] [Thread-1  ]: SQL status: OK in 0.023 seconds
[0m23:26:54.233095 [debug] [Thread-1  ]: Using duckdb connection "model.dbt_pipeline.ventes_resume"
[0m23:26:54.234104 [debug] [Thread-1  ]: On model.dbt_pipeline.ventes_resume: /* {"app": "dbt", "dbt_version": "1.10.22", "profile_name": "dbt_pipeline", "target_name": "dev", "node_id": "model.dbt_pipeline.ventes_resume"} */
alter table "ventes"."main"."ventes_resume__dbt_tmp" rename to "ventes_resume"
[0m23:26:54.235105 [debug] [Thread-1  ]: SQL status: OK in 0.001 seconds
[0m23:26:54.240113 [debug] [Thread-1  ]: On model.dbt_pipeline.ventes_resume: COMMIT
[0m23:26:54.241106 [debug] [Thread-1  ]: Using duckdb connection "model.dbt_pipeline.ventes_resume"
[0m23:26:54.241106 [debug] [Thread-1  ]: On model.dbt_pipeline.ventes_resume: COMMIT
[0m23:26:54.243641 [debug] [Thread-1  ]: SQL status: OK in 0.003 seconds
[0m23:26:54.250576 [debug] [Thread-1  ]: Using duckdb connection "model.dbt_pipeline.ventes_resume"
[0m23:26:54.251629 [debug] [Thread-1  ]: On model.dbt_pipeline.ventes_resume: /* {"app": "dbt", "dbt_version": "1.10.22", "profile_name": "dbt_pipeline", "target_name": "dev", "node_id": "model.dbt_pipeline.ventes_resume"} */

      drop table if exists "ventes"."main"."ventes_resume__dbt_backup" cascade
    
[0m23:26:54.252632 [debug] [Thread-1  ]: SQL status: OK in 0.000 seconds
[0m23:26:54.254643 [debug] [Thread-1  ]: On model.dbt_pipeline.ventes_resume: Close
[0m23:26:54.255582 [debug] [Thread-1  ]: Sending event: {'category': 'dbt', 'action': 'run_model', 'label': '6e8d16f6-981b-4ae4-9d11-45503b729a85', 'context': [<snowplow_tracker.self_describing_json.SelfDescribingJson object at 0x000001D590D91F10>]}
[0m23:26:54.256467 [info ] [Thread-1  ]: 2 of 2 OK created sql table model main.ventes_resume ........................... [[32mOK[0m in 0.14s]
[0m23:26:54.256467 [debug] [Thread-1  ]: Finished running node model.dbt_pipeline.ventes_resume
[0m23:26:54.256467 [debug] [MainThread]: Using duckdb connection "master"
[0m23:26:54.256467 [debug] [MainThread]: On master: BEGIN
[0m23:26:54.256467 [debug] [MainThread]: Opening a new connection, currently in state closed
[0m23:26:54.256467 [debug] [MainThread]: SQL status: OK in 0.001 seconds
[0m23:26:54.256467 [debug] [MainThread]: On master: COMMIT
[0m23:26:54.256467 [debug] [MainThread]: Using duckdb connection "master"
[0m23:26:54.266145 [debug] [MainThread]: On master: COMMIT
[0m23:26:54.267162 [debug] [MainThread]: SQL status: OK in 0.000 seconds
[0m23:26:54.268156 [debug] [MainThread]: On master: Close
[0m23:26:54.269164 [debug] [MainThread]: Connection 'master' was properly closed.
[0m23:26:54.269164 [debug] [MainThread]: Connection 'create_ventes_main' was properly closed.
[0m23:26:54.270156 [debug] [MainThread]: Connection 'list_ventes_main' was properly closed.
[0m23:26:54.271155 [debug] [MainThread]: Connection 'model.dbt_pipeline.ventes_resume' was properly closed.
[0m23:26:54.271155 [info ] [MainThread]: 
[0m23:26:54.272156 [info ] [MainThread]: Finished running 2 table models in 0 hours 0 minutes and 0.88 seconds (0.88s).
[0m23:26:54.274154 [debug] [MainThread]: Command end result
[0m23:26:54.312124 [debug] [MainThread]: Wrote artifact WritableManifest to C:\Users\pc\Desktop\tp_chapitre2_pipeline\dbt_pipeline\target\manifest.json
[0m23:26:54.317188 [debug] [MainThread]: Wrote artifact SemanticManifest to C:\Users\pc\Desktop\tp_chapitre2_pipeline\dbt_pipeline\target\semantic_manifest.json
[0m23:26:54.325672 [debug] [MainThread]: Wrote artifact RunExecutionResult to C:\Users\pc\Desktop\tp_chapitre2_pipeline\dbt_pipeline\target\run_results.json
[0m23:26:54.326672 [info ] [MainThread]: 
[0m23:26:54.328670 [info ] [MainThread]: [32mCompleted successfully[0m
[0m23:26:54.329675 [info ] [MainThread]: 
[0m23:26:54.330671 [info ] [MainThread]: Done. PASS=2 WARN=0 ERROR=0 SKIP=0 NO-OP=0 TOTAL=2
[0m23:26:54.331674 [debug] [MainThread]: Command `dbt run` succeeded at 23:26:54.331674 after 4.22 seconds
[0m23:26:54.332966 [debug] [MainThread]: Sending event: {'category': 'dbt', 'action': 'invocation', 'label': 'end', 'context': [<snowplow_tracker.self_describing_json.SelfDescribingJson object at 0x000001D592E2E160>, <snowplow_tracker.self_describing_json.SelfDescribingJson object at 0x000001D5951437F0>, <snowplow_tracker.self_describing_json.SelfDescribingJson object at 0x000001D5958AB310>]}
[0m23:26:54.333796 [debug] [MainThread]: Flushing usage events
[0m23:26:55.315243 [debug] [MainThread]: An error was encountered while trying to flush usage events
